# JRE version: Java(TM) SE Runtime Environment (22.0.1+8) (build 22.0.1+8-16)
# Java VM: Java HotSpot(TM) 64-Bit Server VM (22.0.1+8-16, mixed mode, sharing, tiered, compressed oops, compressed class ptrs, g1 gc, windows-amd64)
GC Precious Log:
 CardTable entry size: 512
 Card Set container configuration: InlinePtr #cards 5 size 8 Array Of Cards #cards 12 size 40 Howl #buckets 4 coarsen threshold 1843 Howl Bitmap #cards 512 size 80 coarsen threshold 460 Card regions per heap region 1 cards per card region 2048
 CPUs: 4 total, 4 available
 Memory: 8097M
 Large Page Support: Disabled
 NUMA Support: Disabled
 Compressed Oops: Enabled (32-bit)
 Heap Region Size: 1M
 Heap Min Capacity: 8M
 Heap Initial Capacity: 128M
 Heap Max Capacity: 2026M
 Pre-touch: Disabled
 Parallel Workers: 4
 Concurrent Workers: 1
 Concurrent Refinement Workers: 4
 Periodic GC: Disabled
Heap:
 garbage-first heap   total reserved 2074624K, committed 60416K, used 33008K [0x0000000081600000, 0x0000000100000000)
  region size 1024K, 7 young (7168K), 4 survivors (4096K)
 Metaspace       used 28148K, committed 28480K, reserved 1114112K
  class space    used 2888K, committed 3072K, reserved 1048576K
GC Heap History (16 events):
Event: 1.949 GC heap before
{Heap before GC invocations=0 (full 0):
 garbage-first heap   total reserved 2074624K, committed 131072K, used 15360K [0x0000000081600000, 0x0000000100000000)
  region size 1024K, 14 young (14336K), 0 survivors (0K)
 Metaspace       used 8576K, committed 8768K, reserved 1114112K
  class space    used 970K, committed 1024K, reserved 1048576K
}
Event: 1.963 GC heap after
{Heap after GC invocations=1 (full 0):
 garbage-first heap   total reserved 2074624K, committed 131072K, used 4896K [0x0000000081600000, 0x0000000100000000)
  region size 1024K, 2 young (2048K), 2 survivors (2048K)
 Metaspace       used 8576K, committed 8768K, reserved 1114112K
  class space    used 970K, committed 1024K, reserved 1048576K
}
Event: 55.484 GC heap before
{Heap before GC invocations=1 (full 0):
 garbage-first heap   total reserved 2074624K, committed 131072K, used 21280K [0x0000000081600000, 0x0000000100000000)
  region size 1024K, 15 young (15360K), 2 survivors (2048K)
 Metaspace       used 13092K, committed 13312K, reserved 1114112K
  class space    used 1375K, committed 1472K, reserved 1048576K
}
Event: 55.492 GC heap after
{Heap after GC invocations=2 (full 0):
 garbage-first heap   total reserved 2074624K, committed 131072K, used 9980K [0x0000000081600000, 0x0000000100000000)
  region size 1024K, 2 young (2048K), 2 survivors (2048K)
 Metaspace       used 13092K, committed 13312K, reserved 1114112K
  class space    used 1375K, committed 1472K, reserved 1048576K
}
Event: 184.488 GC heap before
{Heap before GC invocations=2 (full 0):
 garbage-first heap   total reserved 2074624K, committed 131072K, used 29436K [0x0000000081600000, 0x0000000100000000)
  region size 1024K, 19 young (19456K), 2 survivors (2048K)
 Metaspace       used 21226K, committed 21504K, reserved 1114112K
  class space    used 2299K, committed 2432K, reserved 1048576K
}
Event: 184.496 GC heap after
{Heap after GC invocations=3 (full 0):
 garbage-first heap   total reserved 2074624K, committed 131072K, used 13962K [0x0000000081600000, 0x0000000100000000)
  region size 1024K, 4 young (4096K), 4 survivors (4096K)
 Metaspace       used 21226K, committed 21504K, reserved 1114112K
  class space    used 2299K, committed 2432K, reserved 1048576K
}
Event: 233.254 GC heap before
{Heap before GC invocations=4 (full 0):
 garbage-first heap   total reserved 2074624K, committed 51200K, used 49802K [0x0000000081600000, 0x0000000100000000)
  region size 1024K, 27 young (27648K), 4 survivors (4096K)
 Metaspace       used 22817K, committed 23104K, reserved 1114112K
  class space    used 2459K, committed 2560K, reserved 1048576K
}
Event: 233.265 GC heap after
{Heap after GC invocations=5 (full 0):
 garbage-first heap   total reserved 2074624K, committed 56320K, used 23768K [0x0000000081600000, 0x0000000100000000)
  region size 1024K, 3 young (3072K), 3 survivors (3072K)
 Metaspace       used 22817K, committed 23104K, reserved 1114112K
  class space    used 2459K, committed 2560K, reserved 1048576K
}
Event: 332.743 GC heap before
{Heap before GC invocations=5 (full 0):
 garbage-first heap   total reserved 2074624K, committed 56320K, used 53464K [0x0000000081600000, 0x0000000100000000)
  region size 1024K, 23 young (23552K), 3 survivors (3072K)
 Metaspace       used 24650K, committed 24960K, reserved 1114112K
  class space    used 2609K, committed 2752K, reserved 1048576K
}
Event: 332.750 GC heap after
{Heap after GC invocations=6 (full 0):
 garbage-first heap   total reserved 2074624K, committed 60416K, used 28130K [0x0000000081600000, 0x0000000100000000)
  region size 1024K, 2 young (2048K), 2 survivors (2048K)
 Metaspace       used 24650K, committed 24960K, reserved 1114112K
  class space    used 2609K, committed 2752K, reserved 1048576K
}
Event: 358.357 GC heap before
{Heap before GC invocations=6 (full 0):
 garbage-first heap   total reserved 2074624K, committed 60416K, used 30178K [0x0000000081600000, 0x0000000100000000)
  region size 1024K, 5 young (5120K), 2 survivors (2048K)
 Metaspace       used 24937K, committed 25152K, reserved 1114112K
  class space    used 2632K, committed 2752K, reserved 1048576K
}
Event: 358.370 GC heap after
{Heap after GC invocations=7 (full 0):
 garbage-first heap   total reserved 2074624K, committed 60416K, used 23053K [0x0000000081600000, 0x0000000100000000)
  region size 1024K, 2 young (2048K), 2 survivors (2048K)
 Metaspace       used 24937K, committed 25152K, reserved 1114112K
  class space    used 2632K, committed 2752K, reserved 1048576K
}
Event: 386.024 GC heap before
{Heap before GC invocations=7 (full 0):
 garbage-first heap   total reserved 2074624K, committed 60416K, used 29197K [0x0000000081600000, 0x0000000100000000)
  region size 1024K, 6 young (6144K), 2 survivors (2048K)
 Metaspace       used 24964K, committed 25216K, reserved 1114112K
  class space    used 2632K, committed 2752K, reserved 1048576K
}
Event: 386.031 GC heap after
{Heap after GC invocations=8 (full 0):
 garbage-first heap   total reserved 2074624K, committed 60416K, used 26058K [0x0000000081600000, 0x0000000100000000)
  region size 1024K, 2 young (2048K), 2 survivors (2048K)
 Metaspace       used 24964K, committed 25216K, reserved 1114112K
  class space    used 2632K, committed 2752K, reserved 1048576K
}
Event: 444.210 GC heap before
{Heap before GC invocations=8 (full 0):
 garbage-first heap   total reserved 2074624K, committed 60416K, used 46538K [0x0000000081600000, 0x0000000100000000)
  region size 1024K, 20 young (20480K), 2 survivors (2048K)
 Metaspace       used 28106K, committed 28416K, reserved 1114112K
  class space    used 2887K, committed 3072K, reserved 1048576K
}
Event: 444.219 GC heap after
{Heap after GC invocations=9 (full 0):
 garbage-first heap   total reserved 2074624K, committed 60416K, used 27888K [0x0000000081600000, 0x0000000100000000)
  region size 1024K, 4 young (4096K), 4 survivors (4096K)
 Metaspace       used 28106K, committed 28416K, reserved 1114112K
  class space    used 2887K, committed 3072K, reserved 1048576K
}

